<?xml version="1.0" encoding="UTF-8"?>
<!-- Generated by org.testng.reporters.JUnitReportReporter -->
<testsuite hostname="Selva" name="test.practice.string.RemoveOccurenceTest" tests="3" failures="0" timestamp="15 Nov 2016 23:56:56 GMT" time="0.026" errors="0">
  <testcase name="testInvalidInputs" time="0.002" classname="test.practice.string.RemoveOccurenceTest"/>
  <testcase name="testBuiltInFunction" time="0.022" classname="test.practice.string.RemoveOccurenceTest"/>
  <testcase name="testIterativeApproach" time="0.002" classname="test.practice.string.RemoveOccurenceTest"/>
</testsuite> <!-- test.practice.string.RemoveOccurenceTest -->
