<?xml version="1.0" encoding="UTF-8"?>
<!-- Generated by org.testng.reporters.JUnitReportReporter -->
<testsuite hostname="Selva" name="com.practice.string.RemoveOccurenceTest" tests="3" failures="0" timestamp="5 Jun 2015 06:35:28 GMT" time="0.021" errors="0">
  <testcase name="testIterativeApproach" time="0.002" classname="com.practice.string.RemoveOccurenceTest"/>
  <testcase name="testBuiltInFunction" time="0.018" classname="com.practice.string.RemoveOccurenceTest"/>
  <testcase name="testInvalidInputs" time="0.001" classname="com.practice.string.RemoveOccurenceTest"/>
</testsuite> <!-- com.practice.string.RemoveOccurenceTest -->
